0 info it worked if it ends with ok
1 verbose cli [ '/usr/bin/nodejs',
1 verbose cli   '/usr/bin/npm',
1 verbose cli   'install',
1 verbose cli   '--global',
1 verbose cli   'vue-cli' ]
2 info using npm@1.3.10
3 info using node@v0.10.25
4 verbose cache add [ 'vue-cli', null ]
5 verbose cache add name=undefined spec="vue-cli" args=["vue-cli",null]
6 verbose parsed url { protocol: null,
6 verbose parsed url   slashes: null,
6 verbose parsed url   auth: null,
6 verbose parsed url   host: null,
6 verbose parsed url   port: null,
6 verbose parsed url   hostname: null,
6 verbose parsed url   hash: null,
6 verbose parsed url   search: null,
6 verbose parsed url   query: null,
6 verbose parsed url   pathname: 'vue-cli',
6 verbose parsed url   path: 'vue-cli',
6 verbose parsed url   href: 'vue-cli' }
7 silly lockFile 18a420e0-vue-cli vue-cli
8 verbose lock vue-cli /home/mab/.npm/18a420e0-vue-cli.lock
9 silly lockFile 18a420e0-vue-cli vue-cli
10 silly lockFile 18a420e0-vue-cli vue-cli
11 verbose addNamed [ 'vue-cli', '' ]
12 verbose addNamed [ null, '*' ]
13 silly lockFile 3d3026e0-vue-cli vue-cli@
14 verbose lock vue-cli@ /home/mab/.npm/3d3026e0-vue-cli.lock
15 silly addNameRange { name: 'vue-cli', range: '*', hasData: false }
16 verbose url raw vue-cli
17 verbose url resolving [ 'https://registry.npmjs.org/', './vue-cli' ]
18 verbose url resolved https://registry.npmjs.org/vue-cli
19 info trying registry request attempt 1 at 20:27:17
20 http GET https://registry.npmjs.org/vue-cli
21 http 200 https://registry.npmjs.org/vue-cli
22 silly registry.get cb [ 200,
22 silly registry.get   { server: 'nginx/1.10.3',
22 silly registry.get     'content-type': 'application/json',
22 silly registry.get     'last-modified': 'Sat, 17 Jun 2017 10:23:48 GMT',
22 silly registry.get     etag: '"59450334-ea0d"',
22 silly registry.get     'cache-control': 'max-age=300',
22 silly registry.get     'content-length': '59917',
22 silly registry.get     'accept-ranges': 'bytes',
22 silly registry.get     date: 'Wed, 21 Jun 2017 13:27:16 GMT',
22 silly registry.get     via: '1.1 varnish',
22 silly registry.get     age: '0',
22 silly registry.get     connection: 'keep-alive',
22 silly registry.get     'x-served-by': 'cache-sin18027-SIN',
22 silly registry.get     'x-cache': 'HIT',
22 silly registry.get     'x-cache-hits': '1',
22 silly registry.get     'x-timer': 'S1498051636.253067,VS0,VE145',
22 silly registry.get     vary: 'Accept-Encoding' } ]
23 silly addNameRange number 2 { name: 'vue-cli', range: '*', hasData: true }
24 silly addNameRange versions [ 'vue-cli',
24 silly addNameRange   [ '1.0.0',
24 silly addNameRange     '1.0.1',
24 silly addNameRange     '1.0.2',
24 silly addNameRange     '1.0.3',
24 silly addNameRange     '1.1.0',
24 silly addNameRange     '1.1.1',
24 silly addNameRange     '1.1.2',
24 silly addNameRange     '1.1.3',
24 silly addNameRange     '1.2.0',
24 silly addNameRange     '1.3.0',
24 silly addNameRange     '1.4.0',
24 silly addNameRange     '2.0.0',
24 silly addNameRange     '2.0.1',
24 silly addNameRange     '2.0.2',
24 silly addNameRange     '2.0.3',
24 silly addNameRange     '2.0.4',
24 silly addNameRange     '2.1.0',
24 silly addNameRange     '2.1.1',
24 silly addNameRange     '2.2.0',
24 silly addNameRange     '2.3.1',
24 silly addNameRange     '2.4.0',
24 silly addNameRange     '2.5.0',
24 silly addNameRange     '2.5.1',
24 silly addNameRange     '2.6.0',
24 silly addNameRange     '2.7.0',
24 silly addNameRange     '2.8.0',
24 silly addNameRange     '2.8.1',
24 silly addNameRange     '2.8.2' ] ]
25 verbose addNamed [ 'vue-cli', '2.8.2' ]
26 verbose addNamed [ '2.8.2', '2.8.2' ]
27 silly lockFile dcae4343-vue-cli-2-8-2 vue-cli@2.8.2
28 verbose lock vue-cli@2.8.2 /home/mab/.npm/dcae4343-vue-cli-2-8-2.lock
29 silly lockFile 740a28ea-js-org-vue-cli-vue-cli-2-8-2-tgz https://registry.npmjs.org/vue-cli/-/vue-cli-2.8.2.tgz
30 verbose lock https://registry.npmjs.org/vue-cli/-/vue-cli-2.8.2.tgz /home/mab/.npm/740a28ea-js-org-vue-cli-vue-cli-2-8-2-tgz.lock
31 verbose addRemoteTarball [ 'https://registry.npmjs.org/vue-cli/-/vue-cli-2.8.2.tgz',
31 verbose addRemoteTarball   '27e81510c79f82ffd4af52c8ace4764a34fe1abd' ]
32 info retry fetch attempt 1 at 20:27:22
33 verbose fetch to= /home/mab/tmp/npm-6311-hGBKzHg3/1498051642097-0.7957722248975188/tmp.tgz
34 http GET https://registry.npmjs.org/vue-cli/-/vue-cli-2.8.2.tgz
35 http 200 https://registry.npmjs.org/vue-cli/-/vue-cli-2.8.2.tgz
36 verbose tar unpack /home/mab/tmp/npm-6311-hGBKzHg3/1498051642097-0.7957722248975188/tmp.tgz
37 silly lockFile ae520b3d-42097-0-7957722248975188-package tar:///home/mab/tmp/npm-6311-hGBKzHg3/1498051642097-0.7957722248975188/package
38 verbose lock tar:///home/mab/tmp/npm-6311-hGBKzHg3/1498051642097-0.7957722248975188/package /home/mab/.npm/ae520b3d-42097-0-7957722248975188-package.lock
39 silly lockFile b9fc5cc3-42097-0-7957722248975188-tmp-tgz tar:///home/mab/tmp/npm-6311-hGBKzHg3/1498051642097-0.7957722248975188/tmp.tgz
40 verbose lock tar:///home/mab/tmp/npm-6311-hGBKzHg3/1498051642097-0.7957722248975188/tmp.tgz /home/mab/.npm/b9fc5cc3-42097-0-7957722248975188-tmp-tgz.lock
41 silly gunzTarPerm modes [ '755', '644' ]
42 silly gunzTarPerm extractEntry package.json
43 silly gunzTarPerm extractEntry .npmignore
44 silly gunzTarPerm extractEntry README.md
45 silly gunzTarPerm extractEntry LICENSE
46 silly gunzTarPerm extractEntry bin/vue
47 silly gunzTarPerm extractEntry bin/vue-build
48 silly gunzTarPerm extractEntry bin/vue-init
49 silly gunzTarPerm extractEntry bin/vue-list
50 silly gunzTarPerm extractEntry CONTRIBUTING.md
51 silly gunzTarPerm extractEntry .eslintrc
52 silly gunzTarPerm extractEntry appveyor.yml
53 silly gunzTarPerm extractEntry .editorconfig
54 silly gunzTarPerm extractEntry circle.yml
55 silly gunzTarPerm extractEntry docs/build.md
56 silly gunzTarPerm extractEntry issue_template.md
57 silly gunzTarPerm extractEntry lib/ask.js
58 silly gunzTarPerm extractEntry lib/eval.js
59 silly gunzTarPerm extractEntry lib/filter.js
60 silly gunzTarPerm extractEntry lib/generate.js
61 silly gunzTarPerm extractEntry lib/server.js
62 silly gunzTarPerm extractEntry lib/check-version.js
63 silly gunzTarPerm extractEntry lib/local-path.js
64 silly gunzTarPerm extractEntry lib/logger.js
65 silly gunzTarPerm extractEntry lib/options.js
66 silly gunzTarPerm extractEntry lib/run.js
67 silly gunzTarPerm extractEntry lib/git-user.js
68 silly gunzTarPerm extractEntry lib/warnings.js
69 silly gunzTarPerm extractEntry lib/loaders.js
70 silly gunzTarPerm extractEntry lib/default-entry.es6
71 silly gunzTarPerm extractEntry lib/template.html
72 silly gunzTarPerm extractEntry .babelrc
73 silly gunzTarPerm extractEntry test/e2e/test-build.js
74 silly gunzTarPerm extractEntry test/e2e/test.js
75 silly gunzTarPerm extractEntry test/e2e/mock-error/meta.js
76 silly gunzTarPerm extractEntry test/e2e/mock-error/template/readme.md
77 silly gunzTarPerm extractEntry test/e2e/mock-meta-json/meta.json
78 silly gunzTarPerm extractEntry test/e2e/mock-meta-json/template/.gitkeep
79 silly gunzTarPerm extractEntry test/e2e/mock-metadata-repo-js/meta.js
80 silly gunzTarPerm extractEntry test/e2e/mock-metadata-repo-js/template/readme.md
81 silly gunzTarPerm extractEntry test/e2e/mock-metalsmith-custom/meta.js
82 silly gunzTarPerm extractEntry test/e2e/mock-metalsmith-custom/template/readme.md
83 silly gunzTarPerm extractEntry test/e2e/mock-metalsmith-custom-before-after/meta.js
84 silly gunzTarPerm extractEntry test/e2e/mock-metalsmith-custom-before-after/template/readme.md
85 silly gunzTarPerm extractEntry test/e2e/mock-skip-glob/meta.json
86 silly gunzTarPerm extractEntry test/e2e/mock-skip-glob/template/package.json
87 silly gunzTarPerm extractEntry test/e2e/mock-skip-glob/template/src/no.js
88 silly gunzTarPerm extractEntry test/e2e/mock-skip-glob/template/src/yes.js
89 silly gunzTarPerm extractEntry test/e2e/mock-skip-glob/template/src/no.vue
90 silly gunzTarPerm extractEntry test/e2e/mock-skip-glob/template/src/yes.vue
91 silly gunzTarPerm extractEntry test/e2e/mock-template-repo/meta.json
92 silly gunzTarPerm extractEntry test/e2e/mock-template-repo/template/package.json
93 silly gunzTarPerm extractEntry test/e2e/mock-template-repo/template/src/no.js
94 silly gunzTarPerm extractEntry test/e2e/mock-template-repo/template/src/skip-one.vue
95 silly gunzTarPerm extractEntry test/e2e/mock-template-repo/template/src/skip-two.vue
96 silly gunzTarPerm extractEntry test/e2e/mock-template-repo/template/src/yes.vue
97 silly gunzTarPerm extractEntry test/e2e/mock-vue-app/config.js
98 silly gunzTarPerm extractEntry test/e2e/mock-vue-app/index.js
99 silly gunzTarPerm extractEntry test/e2e/mock-vue-app/App.vue
100 silly gunzTarPerm extractEntry yarn.lock
101 silly lockFile ae520b3d-42097-0-7957722248975188-package tar:///home/mab/tmp/npm-6311-hGBKzHg3/1498051642097-0.7957722248975188/package
102 silly lockFile ae520b3d-42097-0-7957722248975188-package tar:///home/mab/tmp/npm-6311-hGBKzHg3/1498051642097-0.7957722248975188/package
103 silly lockFile b9fc5cc3-42097-0-7957722248975188-tmp-tgz tar:///home/mab/tmp/npm-6311-hGBKzHg3/1498051642097-0.7957722248975188/tmp.tgz
104 silly lockFile b9fc5cc3-42097-0-7957722248975188-tmp-tgz tar:///home/mab/tmp/npm-6311-hGBKzHg3/1498051642097-0.7957722248975188/tmp.tgz
105 verbose tar pack [ '/home/mab/.npm/vue-cli/2.8.2/package.tgz',
105 verbose tar pack   '/home/mab/tmp/npm-6311-hGBKzHg3/1498051642097-0.7957722248975188/package' ]
106 verbose tarball /home/mab/.npm/vue-cli/2.8.2/package.tgz
107 verbose folder /home/mab/tmp/npm-6311-hGBKzHg3/1498051642097-0.7957722248975188/package
108 silly lockFile ae520b3d-42097-0-7957722248975188-package tar:///home/mab/tmp/npm-6311-hGBKzHg3/1498051642097-0.7957722248975188/package
109 verbose lock tar:///home/mab/tmp/npm-6311-hGBKzHg3/1498051642097-0.7957722248975188/package /home/mab/.npm/ae520b3d-42097-0-7957722248975188-package.lock
110 silly lockFile 5f1806d9-ab-npm-vue-cli-2-8-2-package-tgz tar:///home/mab/.npm/vue-cli/2.8.2/package.tgz
111 verbose lock tar:///home/mab/.npm/vue-cli/2.8.2/package.tgz /home/mab/.npm/5f1806d9-ab-npm-vue-cli-2-8-2-package-tgz.lock
112 silly lockFile ae520b3d-42097-0-7957722248975188-package tar:///home/mab/tmp/npm-6311-hGBKzHg3/1498051642097-0.7957722248975188/package
113 silly lockFile ae520b3d-42097-0-7957722248975188-package tar:///home/mab/tmp/npm-6311-hGBKzHg3/1498051642097-0.7957722248975188/package
114 silly lockFile 5f1806d9-ab-npm-vue-cli-2-8-2-package-tgz tar:///home/mab/.npm/vue-cli/2.8.2/package.tgz
115 silly lockFile 5f1806d9-ab-npm-vue-cli-2-8-2-package-tgz tar:///home/mab/.npm/vue-cli/2.8.2/package.tgz
116 silly lockFile b420e404-me-mab-npm-vue-cli-2-8-2-package /home/mab/.npm/vue-cli/2.8.2/package
117 verbose lock /home/mab/.npm/vue-cli/2.8.2/package /home/mab/.npm/b420e404-me-mab-npm-vue-cli-2-8-2-package.lock
118 silly lockFile b420e404-me-mab-npm-vue-cli-2-8-2-package /home/mab/.npm/vue-cli/2.8.2/package
119 silly lockFile b420e404-me-mab-npm-vue-cli-2-8-2-package /home/mab/.npm/vue-cli/2.8.2/package
120 verbose tar unpack /home/mab/.npm/vue-cli/2.8.2/package.tgz
121 silly lockFile 61d6f235-me-mab-npm-vue-cli-2-8-2-package tar:///home/mab/.npm/vue-cli/2.8.2/package
122 verbose lock tar:///home/mab/.npm/vue-cli/2.8.2/package /home/mab/.npm/61d6f235-me-mab-npm-vue-cli-2-8-2-package.lock
123 silly lockFile 5f1806d9-ab-npm-vue-cli-2-8-2-package-tgz tar:///home/mab/.npm/vue-cli/2.8.2/package.tgz
124 verbose lock tar:///home/mab/.npm/vue-cli/2.8.2/package.tgz /home/mab/.npm/5f1806d9-ab-npm-vue-cli-2-8-2-package-tgz.lock
125 silly gunzTarPerm modes [ '755', '644' ]
126 silly gunzTarPerm extractEntry package.json
127 silly gunzTarPerm extractEntry .npmignore
128 silly gunzTarPerm extractEntry README.md
129 silly gunzTarPerm extractEntry LICENSE
130 silly gunzTarPerm extractEntry bin/vue
131 silly gunzTarPerm extractEntry bin/vue-build
132 silly gunzTarPerm extractEntry bin/vue-init
133 silly gunzTarPerm extractEntry bin/vue-list
134 silly gunzTarPerm extractEntry .eslintrc
135 silly gunzTarPerm extractEntry .babelrc
136 silly gunzTarPerm extractEntry appveyor.yml
137 silly gunzTarPerm extractEntry .editorconfig
138 silly gunzTarPerm extractEntry circle.yml
139 silly gunzTarPerm extractEntry docs/build.md
140 silly gunzTarPerm extractEntry issue_template.md
141 silly gunzTarPerm extractEntry lib/ask.js
142 silly gunzTarPerm extractEntry lib/eval.js
143 silly gunzTarPerm extractEntry lib/filter.js
144 silly gunzTarPerm extractEntry lib/generate.js
145 silly gunzTarPerm extractEntry lib/server.js
146 silly gunzTarPerm extractEntry lib/check-version.js
147 silly gunzTarPerm extractEntry lib/local-path.js
148 silly gunzTarPerm extractEntry lib/logger.js
149 silly gunzTarPerm extractEntry lib/options.js
150 silly gunzTarPerm extractEntry lib/run.js
151 silly gunzTarPerm extractEntry lib/git-user.js
152 silly gunzTarPerm extractEntry lib/warnings.js
153 silly gunzTarPerm extractEntry lib/loaders.js
154 silly gunzTarPerm extractEntry lib/default-entry.es6
155 silly gunzTarPerm extractEntry lib/template.html
156 silly gunzTarPerm extractEntry CONTRIBUTING.md
157 silly gunzTarPerm extractEntry test/e2e/test-build.js
158 silly gunzTarPerm extractEntry test/e2e/test.js
159 silly gunzTarPerm extractEntry test/e2e/mock-error/meta.js
160 silly gunzTarPerm extractEntry test/e2e/mock-error/template/readme.md
161 silly gunzTarPerm extractEntry test/e2e/mock-meta-json/meta.json
162 silly gunzTarPerm extractEntry test/e2e/mock-meta-json/template/.gitkeep
163 silly gunzTarPerm extractEntry test/e2e/mock-metadata-repo-js/meta.js
164 silly gunzTarPerm extractEntry test/e2e/mock-metadata-repo-js/template/readme.md
165 silly gunzTarPerm extractEntry test/e2e/mock-metalsmith-custom/meta.js
166 silly gunzTarPerm extractEntry test/e2e/mock-metalsmith-custom/template/readme.md
167 silly gunzTarPerm extractEntry test/e2e/mock-metalsmith-custom-before-after/meta.js
168 silly gunzTarPerm extractEntry test/e2e/mock-metalsmith-custom-before-after/template/readme.md
169 silly gunzTarPerm extractEntry test/e2e/mock-skip-glob/meta.json
170 silly gunzTarPerm extractEntry test/e2e/mock-skip-glob/template/package.json
171 silly gunzTarPerm extractEntry test/e2e/mock-skip-glob/template/src/no.js
172 silly gunzTarPerm extractEntry test/e2e/mock-skip-glob/template/src/yes.js
173 silly gunzTarPerm extractEntry test/e2e/mock-skip-glob/template/src/no.vue
174 silly gunzTarPerm extractEntry test/e2e/mock-skip-glob/template/src/yes.vue
175 silly gunzTarPerm extractEntry test/e2e/mock-template-repo/meta.json
176 silly gunzTarPerm extractEntry test/e2e/mock-template-repo/template/package.json
177 silly gunzTarPerm extractEntry test/e2e/mock-template-repo/template/src/no.js
178 silly gunzTarPerm extractEntry test/e2e/mock-template-repo/template/src/skip-one.vue
179 silly gunzTarPerm extractEntry test/e2e/mock-template-repo/template/src/skip-two.vue
180 silly gunzTarPerm extractEntry test/e2e/mock-template-repo/template/src/yes.vue
181 silly gunzTarPerm extractEntry test/e2e/mock-vue-app/config.js
182 silly gunzTarPerm extractEntry test/e2e/mock-vue-app/index.js
183 silly gunzTarPerm extractEntry test/e2e/mock-vue-app/App.vue
184 silly gunzTarPerm extractEntry yarn.lock
185 silly lockFile 61d6f235-me-mab-npm-vue-cli-2-8-2-package tar:///home/mab/.npm/vue-cli/2.8.2/package
186 silly lockFile 61d6f235-me-mab-npm-vue-cli-2-8-2-package tar:///home/mab/.npm/vue-cli/2.8.2/package
187 silly lockFile 5f1806d9-ab-npm-vue-cli-2-8-2-package-tgz tar:///home/mab/.npm/vue-cli/2.8.2/package.tgz
188 silly lockFile 5f1806d9-ab-npm-vue-cli-2-8-2-package-tgz tar:///home/mab/.npm/vue-cli/2.8.2/package.tgz
189 verbose chmod /home/mab/.npm/vue-cli/2.8.2/package.tgz 644
190 verbose chown /home/mab/.npm/vue-cli/2.8.2/package.tgz [ 1000, 1000 ]
191 silly lockFile 740a28ea-js-org-vue-cli-vue-cli-2-8-2-tgz https://registry.npmjs.org/vue-cli/-/vue-cli-2.8.2.tgz
192 silly lockFile 740a28ea-js-org-vue-cli-vue-cli-2-8-2-tgz https://registry.npmjs.org/vue-cli/-/vue-cli-2.8.2.tgz
193 silly lockFile dcae4343-vue-cli-2-8-2 vue-cli@2.8.2
194 silly lockFile dcae4343-vue-cli-2-8-2 vue-cli@2.8.2
195 silly lockFile 3d3026e0-vue-cli vue-cli@
196 silly lockFile 3d3026e0-vue-cli vue-cli@
197 silly resolved [ { name: 'vue-cli',
197 silly resolved     version: '2.8.2',
197 silly resolved     description: 'A simple CLI for scaffolding Vue.js projects.',
197 silly resolved     preferGlobal: true,
197 silly resolved     bin:
197 silly resolved      { vue: 'bin/vue',
197 silly resolved        'vue-init': 'bin/vue-init',
197 silly resolved        'vue-list': 'bin/vue-list',
197 silly resolved        'vue-build': 'bin/vue-build' },
197 silly resolved     repository: { type: 'git', url: 'git+https://github.com/vuejs/vue-cli.git' },
197 silly resolved     keywords: [ 'vue', 'cli', 'spa' ],
197 silly resolved     author: { name: 'Evan You' },
197 silly resolved     license: 'MIT',
197 silly resolved     bugs: { url: 'https://github.com/vuejs/vue-cli/issues' },
197 silly resolved     homepage: 'https://github.com/vuejs/vue-cli#readme',
197 silly resolved     main: 'lib/index.js',
197 silly resolved     scripts:
197 silly resolved      { test: 'npm run lint && npm run e2e && npm run e2e:build',
197 silly resolved        lint: 'eslint test/e2e/test*.js lib bin/* --env mocha',
197 silly resolved        e2e: 'rimraf test/e2e/mock-template-build && cross-env BABEL_ENV=development mocha test/e2e/test.js --slow 1000 --compilers js:babel-core/register',
197 silly resolved        'e2e:build': 'cross-env BABEL_ENV=development mocha test/e2e/test-build.js --timeout 60000 --compilers js:babel-core/register' },
197 silly resolved     dependencies:
197 silly resolved      { async: '^2.0.0-rc.2',
197 silly resolved        autoprefixer: '^6.6.1',
197 silly resolved        'babel-core': '^6.21.0',
197 silly resolved        'babel-loader': '^6.2.10',
197 silly resolved        'babel-preset-vue-app': '^0.4.0',
197 silly resolved        chalk: '^1.1.1',
197 silly resolved        commander: '^2.9.0',
197 silly resolved        'connect-history-api-fallback': '^1.3.0',
197 silly resolved        consolidate: '^0.14.0',
197 silly resolved        'copy-webpack-plugin': '^4.0.1',
197 silly resolved        'css-loader': '^0.26.1',
197 silly resolved        'download-git-repo': '^0.2.1',
197 silly resolved        express: '^4.14.0',
197 silly resolved        'extract-text-webpack-plugin': '^2.0.0-rc.3',
197 silly resolved        'file-loader': '^0.9.0',
197 silly resolved        'friendly-errors-webpack-plugin': '^1.1.2',
197 silly resolved        handlebars: '^4.0.5',
197 silly resolved        'html-webpack-plugin': '^2.26.0',
197 silly resolved        'http-proxy-middleware': '^0.17.3',
197 silly resolved        inquirer: '^0.12.0',
197 silly resolved        'installed-by-yarn-globally': '^0.1.1',
197 silly resolved        metalsmith: '^2.1.0',
197 silly resolved        minimatch: '^3.0.0',
197 silly resolved        multimatch: '^2.1.0',
197 silly resolved        opn: '^4.0.2',
197 silly resolved        ora: '^0.2.1',
197 silly resolved        'post-compile-webpack-plugin': '^0.1.0',
197 silly resolved        'postcss-loader': '^1.2.1',
197 silly resolved        'read-metadata': '^1.0.0',
197 silly resolved        request: '^2.67.0',
197 silly resolved        rimraf: '^2.6.1',
197 silly resolved        semver: '^5.1.0',
197 silly resolved        tildify: '^1.2.0',
197 silly resolved        'url-loader': '^0.5.7',
197 silly resolved        'user-home': '^2.0.0',
197 silly resolved        'validate-npm-package-name': '^2.2.2',
197 silly resolved        vue: '^2.1.10',
197 silly resolved        'vue-loader': '^10.0.2',
197 silly resolved        'vue-template-compiler': '^2.1.10',
197 silly resolved        webpack: '^2.2.0',
197 silly resolved        'webpack-dev-middleware': '^1.9.0',
197 silly resolved        'webpack-hot-middleware': '^2.15.0',
197 silly resolved        'webpack-merge': '^2.3.1' },
197 silly resolved     devDependencies:
197 silly resolved      { 'babel-preset-es2015': '^6.22.0',
197 silly resolved        'babel-preset-stage-2': '^6.22.0',
197 silly resolved        chai: '^3.5.0',
197 silly resolved        'cross-env': '^1.0.7',
197 silly resolved        eslint: '^2.7.0',
197 silly resolved        'eslint-config-standard': '^5.1.0',
197 silly resolved        'eslint-plugin-promise': '^1.1.0',
197 silly resolved        'eslint-plugin-standard': '^1.3.2',
197 silly resolved        execa: '^0.5.0',
197 silly resolved        mocha: '^2.4.5' },
197 silly resolved     engines: { node: '>=4.0.0' },
197 silly resolved     readme: '# vue-cli [![Build Status](https://img.shields.io/circleci/project/vuejs/vue-cli/master.svg)](https://circleci.com/gh/vuejs/vue-cli) [![npm package](https://img.shields.io/npm/v/vue-cli.svg)](https://www.npmjs.com/package/vue-cli)\n\nA simple CLI for scaffolding Vue.js projects.\n\n### Installation\n\nPrerequisites: [Node.js](https://nodejs.org/en/) (>=4.x, 6.x preferred), npm version 3+ and [Git](https://git-scm.com/).\n\n``` bash\n$ npm install -g vue-cli\n```\n\n### Usage\n\n``` bash\n$ vue init <template-name> <project-name>\n```\n\nExample:\n\n``` bash\n$ vue init webpack my-project\n```\n\nThe above command pulls the template from [vuejs-templates/webpack](https://github.com/vuejs-templates/webpack), prompts for some information, and generates the project at `./my-project/`.\n\n### vue build\n\nUse vue-cli as a zero-configuration development tool for your Vue apps and component, check out the [docs](/docs/build.md).\n\n### Official Templates\n\nThe purpose of official Vue project templates are to provide opinionated, battery-included development tooling setups so that users can get started with actual app code as fast as possible. However, these templates are un-opinionated in terms of how you structure your app code and what libraries you use in addition to Vue.js.\n\nAll official project templates are repos in the [vuejs-templates organization](https://github.com/vuejs-templates). When a new template is added to the organization, you will be able to run `vue init <template-name> <project-name>` to use that template. You can also run `vue list` to see all available official templates.\n\nCurrent available templates include:\n\n- [webpack](https://github.com/vuejs-templates/webpack) - A full-featured Webpack + vue-loader setup with hot reload, linting, testing & css extraction.\n\n- [webpack-simple](https://github.com/vuejs-templates/webpack-simple) - A simple Webpack + vue-loader setup for quick prototyping.\n\n- [browserify](https://github.com/vuejs-templates/browserify) - A full-featured Browserify + vueify setup with hot-reload, linting & unit testing.\n\n- [browserify-simple](https://github.com/vuejs-templates/browserify-simple) - A simple Browserify + vueify setup for quick prototyping.\n\n- [simple](https://github.com/vuejs-templates/simple) - The simplest possible Vue setup in a single HTML file\n\n### Custom Templates\n\nIt\'s unlikely to make everyone happy with the official templates. You can simply fork an official template and then use it via `vue-cli` with:\n\n``` bash\nvue init username/repo my-project\n```\n\nWhere `username/repo` is the GitHub repo shorthand for your fork.\n\nThe shorthand repo notation is passed to [download-git-repo](https://github.com/flipxfx/download-git-repo) so you can also use things like `bitbucket:username/repo` for a Bitbucket repo and `username/repo#branch` for tags or branches.\n\nIf you would like to download from a private repository use the `--clone` flag and the cli will use `git clone` so your SSH keys are used.\n\n### Local Templates\n\nInstead of a GitHub repo, you can also use a template on your local file system:\n\n``` bash\nvue init ~/fs/path/to-custom-template my-project\n```\n\n### Writing Custom Templates from Scratch\n\n- A template repo **must** have a `template` directory that holds the template files.\n\n- A template repo **may** have a metadata file for the template which can be either a `meta.js` or `meta.json` file. It can contain the following fields:\n\n  - `prompts`: used to collect user options data;\n\n  - `filters`: used to conditional filter files to render.\n  \n  - `metalsmith`: used to add custom metalsmith plugins in the chain.\n\n  - `completeMessage`: the message to be displayed to the user when the template has been generated. You can include custom instruction here.\n\n  - `complete`: Instead of using `completeMessage`, you can use a function to run stuffs when the template has been generated.\n\n#### prompts\n\nThe `prompts` field in the metadata file should be an object hash containing prompts for the user. For each entry, the key is the variable name and the value is an [Inquirer.js question object](https://github.com/SBoudrias/Inquirer.js/#question). Example:\n\n``` json\n{\n  "prompts": {\n    "name": {\n      "type": "string",\n      "required": true,\n      "message": "Project name"\n    }\n  }\n}\n```\n\nAfter all prompts are finished, all files inside `template` will be rendered using [Handlebars](http://handlebarsjs.com/), with the prompt results as the data.\n\n##### Conditional Prompts\n\nA prompt can be made conditional by adding a `when` field, which should be a JavaScript expression evaluated with data collected from previous prompts. For example:\n\n``` json\n{\n  "prompts": {\n    "lint": {\n      "type": "confirm",\n      "message": "Use a linter?"\n    },\n    "lintConfig": {\n      "when": "lint",\n      "type": "list",\n      "message": "Pick a lint config",\n      "choices": [\n        "standard",\n        "airbnb",\n        "none"\n      ]\n    }\n  }\n}\n```\n\nThe prompt for `lintConfig` will only be triggered when the user answered yes to the `lint` prompt.\n\n##### Pre-registered Handlebars Helpers\n\nTwo commonly used Handlebars helpers, `if_eq` and `unless_eq` are pre-registered:\n\n``` handlebars\n{{#if_eq lintConfig "airbnb"}};{{/if_eq}}\n```\n\n##### Custom Handlebars Helpers\n\nYou may want to register additional Handlebars helpers using the `helpers` property in the metadata file. The object key is the helper name:\n\n``` js\nmodule.exports = {\n  helpers: {\n    lowercase: str => str.toLowerCase()\n  }\n}\n```\n\nUpon registration, they can be used as follows:\n\n``` handlebars\n{{ lowercase name }}\n```\n\n#### File filters\n\nThe `filters` field in the metadata file should be an object hash containing file filtering rules. For each entry, the key is a [minimatch glob pattern](https://github.com/isaacs/minimatch) and the value is a JavaScript expression evaluated in the context of prompt answers data. Example:\n\n``` json\n{\n  "filters": {\n    "test/**/*": "needTests"\n  }\n}\n```\n\nFiles under `test` will only be generated if the user answered yes to the prompt for `needTests`.\n\nNote that the `dot` option for minimatch is set to `true` so glob patterns would also match dotfiles by default.\n\n#### Skip rendering\n\nThe `skipInterpolation` field in the metadata file should be a [minimatch glob pattern](https://github.com/isaacs/minimatch). The files matched should skip rendering. Example:\n\n``` json\n{\n  "skipInterpolation": "src/**/*.vue"\n}\n```\n\n#### Metalsmith\n\n`vue-cli` uses [metalsmith](https://github.com/segmentio/metalsmith) to generate the project.\n\nYou may customize the metalsmith builder created by vue-cli to register custom plugins.\n\n```js\n{\n  "metalsmith": function (metalsmith, opts, helpers) {\n    function customMetalsmithPlugin (files, metalsmith, done) {\n      // Implement something really custom here.\n      done(null, files)\n    }\n    \n    metalsmith.use(customMetalsmithPlugin)\n  }\n}\n```\n\nIf you need to hook metalsmith before questions are asked, you may use an object with `before` key.\n\n```js\n{\n  "metalsmith": {\n    before: function (metalsmith, opts, helpers) {},\n    after: function (metalsmith, opts, helpers) {}\n  }\n}\n```\n\n#### Additional data available in meta.{js,json}\n\n- `destDirName` - destination directory name\n\n```json\n{\n  "completeMessage": "To get started:\\n\\n  cd {{destDirName}}\\n  npm install\\n  npm run dev"\n}\n```\n\n- `inPlace` - generating template into current directory\n\n```json\n{\n  "completeMessage": "{{#inPlace}}To get started:\\n\\n  npm install\\n  npm run dev.{{else}}To get started:\\n\\n  cd {{destDirName}}\\n  npm install\\n  npm run dev.{{/inPlace}}"\n}\n```\n\n### `complete` function\n\nArguments:\n\n- `data`: the same data you can access in `completeMessage`:\n  ```js\n  {\n    complete (data) {\n      if (!data.inPlace) {\n        console.log(`cd ${data.destDirName}`)\n      }\n    }\n  }\n  ```\n\n- `helpers`: some helpers you can use to log results.\n  - `chalk`: the `chalk` module\n  - `logger`: [the built-in vue-cli logger](/lib/logger.js)\n  - `files`: An array of generated files\n  ```js\n  {\n    complete (data, {logger, chalk}) {\n      if (!data.inPlace) {\n        logger.log(`cd ${chalk.yellow(data.destDirName)}`)\n      }\n    }\n  }\n  ```\n\n### Installing a specific template version\n\n`vue-cli` uses the tool [`download-git-repo`](https://github.com/flipxfx/download-git-repo) to download the official templates used. The `download-git-repo` tool allows you to indicate a specific branch for a given repository by providing the desired branch name after a pound sign (`#`).\n\nThe format needed for a specific official template is:\n\n```\nvue init \'<template-name>#<branch-name>\' <project-name>\n```\n\nExample:\n\nInstalling the [`1.0` branch](https://github.com/vuejs-templates/webpack-simple/tree/1.0) of the webpack-simple vue template:\n\n```\nvue init \'webpack-simple#1.0\' mynewproject\n```\n\n_Note_: The surrounding quotes are necessary on zsh shells because of the special meaning of the `#` character.\n\n\n### License\n\n[MIT](http://opensource.org/licenses/MIT)\n',
197 silly resolved     readmeFilename: 'README.md',
197 silly resolved     _id: 'vue-cli@2.8.2',
197 silly resolved     dist: { shasum: 'dacb59ae9d89e570fd87c14b8b9baf6a474da3d4' },
197 silly resolved     _from: 'vue-cli@',
197 silly resolved     _resolved: 'https://registry.npmjs.org/vue-cli/-/vue-cli-2.8.2.tgz' } ]
198 info install vue-cli@2.8.2 into /usr/local/lib
199 info installOne vue-cli@2.8.2
200 warn engine vue-cli@2.8.2: wanted: {"node":">=4.0.0"} (current: {"node":"v0.10.25","npm":"1.3.10"})
201 info /usr/local/lib/node_modules/vue-cli unbuild
202 verbose tar unpack /home/mab/.npm/vue-cli/2.8.2/package.tgz
203 silly lockFile bbb0764a-r-local-lib-node-modules-vue-cli tar:///usr/local/lib/node_modules/vue-cli
204 verbose lock tar:///usr/local/lib/node_modules/vue-cli /home/mab/.npm/bbb0764a-r-local-lib-node-modules-vue-cli.lock
205 silly lockFile 5f1806d9-ab-npm-vue-cli-2-8-2-package-tgz tar:///home/mab/.npm/vue-cli/2.8.2/package.tgz
206 verbose lock tar:///home/mab/.npm/vue-cli/2.8.2/package.tgz /home/mab/.npm/5f1806d9-ab-npm-vue-cli-2-8-2-package-tgz.lock
207 silly gunzTarPerm modes [ '755', '644' ]
208 error Error: EACCES, mkdir '/usr/local/lib/node_modules/vue-cli'
208 error  { [Error: EACCES, mkdir '/usr/local/lib/node_modules/vue-cli']
208 error   errno: 3,
208 error   code: 'EACCES',
208 error   path: '/usr/local/lib/node_modules/vue-cli',
208 error   fstream_type: 'Directory',
208 error   fstream_path: '/usr/local/lib/node_modules/vue-cli',
208 error   fstream_class: 'DirWriter',
208 error   fstream_stack:
208 error    [ '/usr/lib/nodejs/fstream/lib/dir-writer.js:36:23',
208 error      '/usr/lib/nodejs/mkdirp/index.js:37:53',
208 error      'Object.oncomplete (fs.js:107:15)' ] }
209 error Please try running this command again as root/Administrator.
210 error System Linux 4.4.0-79-generic
211 error command "/usr/bin/nodejs" "/usr/bin/npm" "install" "--global" "vue-cli"
212 error cwd /home/mab/Code/smisproject
213 error node -v v0.10.25
214 error npm -v 1.3.10
215 error path /usr/local/lib/node_modules/vue-cli
216 error fstream_path /usr/local/lib/node_modules/vue-cli
217 error fstream_type Directory
218 error fstream_class DirWriter
219 error code EACCES
220 error errno 3
221 error stack Error: EACCES, mkdir '/usr/local/lib/node_modules/vue-cli'
222 error fstream_stack /usr/lib/nodejs/fstream/lib/dir-writer.js:36:23
222 error fstream_stack /usr/lib/nodejs/mkdirp/index.js:37:53
222 error fstream_stack Object.oncomplete (fs.js:107:15)
223 verbose exit [ 3, true ]
